Build started 2016/11/10 20:17:03.
     1>Project "D:\mosg\pis\pis\pis.vcxproj" on node 2 (Build target(s)).
     1>ClCompile:
         D:\Program Files\vs2013\VC\bin\CL.exe /c /ZI /nologo /W3 /WX- /sdl /Od /Oy- /D _MBCS /Gm /EHsc /RTC1 /MDd /GS /fp:precise /Zc:wchar_t /Zc:forScope /Fo"Debug\\" /Fd"Debug\vc120.pdb" /Gd /TP /analyze- /errorReport:prompt ..\..\..\..\..\mosg\clip.cpp
         clip.cpp
     1>d:\mosg\clip.cpp(283): warning C4018: '<' : signed/unsigned mismatch
     1>d:\mosg\clip.cpp(513): warning C4018: '<' : signed/unsigned mismatch
     1>d:\mosg\clip.cpp(576): warning C4018: '<' : signed/unsigned mismatch
     1>d:\mosg\clip.cpp(597): warning C4018: '<' : signed/unsigned mismatch
     1>d:\mosg\clip.cpp(598): warning C4018: '<' : signed/unsigned mismatch
     1>d:\mosg\clip.cpp(606): warning C4018: '<' : signed/unsigned mismatch
     1>d:\mosg\clip.cpp(619): warning C4018: '<' : signed/unsigned mismatch
     1>d:\mosg\clip.cpp(620): warning C4018: '<' : signed/unsigned mismatch
     1>d:\mosg\clip.cpp(632): warning C4018: '<' : signed/unsigned mismatch
       Link:
         D:\Program Files\vs2013\VC\bin\link.exe /ERRORREPORT:PROMPT /OUT:"D:\mosg\pis\Debug\pis.exe" /INCREMENTAL /NOLOGO OpenThreadsd.lib osgd.lib osgDBd.lib osgFXd.lib osgGAd.lib osgParticled.lib osgSimd.lib osgTerraind.lib osgTextd.lib osgUtild.lib osgManipulatord.lib osgShadowd.lib osgViewerd.lib kernel32.lib user32.lib gdi32.lib winspool.lib comdlg32.lib advapi32.lib shell32.lib ole32.lib oleaut32.lib uuid.lib odbc32.lib odbccp32.lib /MANIFEST /MANIFESTUAC:"level='asInvoker' uiAccess='false'" /manifest:embed /DEBUG /PDB:"D:\mosg\pis\Debug\pis.pdb" /TLBID:1 /DYNAMICBASE /NXCOMPAT /IMPLIB:"D:\mosg\pis\Debug\pis.lib" /MACHINE:X86 Debug\clip.obj
         pis.vcxproj -> D:\mosg\pis\Debug\pis.exe
     1>Done Building Project "D:\mosg\pis\pis\pis.vcxproj" (Build target(s)).

Build succeeded.

Time Elapsed 00:00:11.68
